<?xml version="1.0" encoding="UTF-8"?>
<!-- Generated by org.testng.reporters.JUnitReportReporter -->
<testsuite hostname="DESKTOP-DNNMSRP" failures="0" tests="1" name="testCases.TestCaseRegister" time="3.752" errors="0" timestamp="2025-01-02T11:06:17 IST" skipped="0">
  <testcase classname="testCases.TestCaseRegister" name="Tc_001RegisterUser" time="3.752"/>
</testsuite> <!-- testCases.TestCaseRegister -->
