<?xml version="1.0" encoding="UTF-8"?>
<!-- Generated by org.testng.reporters.JUnitReportReporter -->
<testsuite hostname="DESKTOP-DNNMSRP" failures="0" tests="1" name="testCases.TestCaseLogin" time="2.527" errors="0" timestamp="2025-01-03T10:22:56 IST" skipped="0">
  <testcase classname="testCases.TestCaseLogin" name="TC_002_LoginTestCase" time="2.527"/>
</testsuite> <!-- testCases.TestCaseLogin -->
